1 ! Instrument State File. Date: 12-12-19  02:32:42 PM
2 ! Checksum = 27508. 
3 !*IDN HEWLETT-PACKARD,89410A,3416A01840,M.09.06
4 !SYST:PRES 
5 !PAUS 
6 !INST SCAL
7 !DDEM:FORM QAM
8 !FREQ:EXT:BAND +3E+006HZ
9 !FREQ:EXT:CENT +5.6E+006HZ
10 !FREQ:EXT:COMM +0
11 !FREQ:EXT:COMM:ADDR +18
12 !FREQ:EXT:MAX +2.2E+010HZ
13 !FREQ:EXT:MIN +0E+000HZ
14 !FREQ:EXT:MIRR OFF
15 !ROUT:REC IF
16 !SWE1:POIN +1601
17 !SWE2:POIN +1601
18 !DEM1 OFF
19 !DEM2 OFF
20 !DEM1:CARR:AUTO +1
21 !DEM2:CARR:AUTO +1
22 !DEM1:CARR:AUTO:PM PAFR
23 !DEM2:CARR:AUTO:PM PAFR
24 !DDEM:SRAT +4E+003HZ
25 !FREQ:STAR +0E+000HZ
26 !FREQ:STOP +1E+006HZ
27 !FREQ:BAS +1
28 !WIND HANN
29 !WIND:GATE HANN
30 !WIND:GATE:COUP OFF
31 !SWE1:TIME +0E+000S
32 !SWE2:TIME +0E+000S
33 !SWE1:TIME:DEL +0E+000S
34 !SWE2:TIME:DEL +0E+000S
35 !SWE1:TIME:GATE:DEL:STEP +3.90625E-008S
36 !SWE2:TIME:GATE:DEL:STEP +3.90625E-008S
37 !BAND:MODE:ARB +0
38 !BAND +1E+003HZ
39 !BAND:AUTO:OFFS +1
40 !SWE1:TIME:RES:AUTO +0
41 !SWE2:TIME:RES:AUTO +0
42 !BAND:AUTO ON
43 !DDEM:SEAR:TIME +3E-002S
44 !DDEM:TIME +6E+001SYM
45 !DDEM:PRAT +2
46 !DDEM:SEAR:SYNC:OFFS +72SYM
47 !ARM:DEL +0E+000S
48 !ARM:LEV +0E+000V
49 !CORR1:LOSS:MAGN +1E+000
50 !CORR2:LOSS:MAGN +1E+000
51 !CORR1:IMP +5E+001OHM
52 !CORR2:IMP +5E+001OHM
53 !INP1 +1
54 !INP2 +0
55 !INP1:IMP +5E+001OHM
56 !INP2:IMP +5E+001OHM
57 !INP1:FILT +1
58 !INP2:FILT +1
59 !INP1:COUP AC
60 !INP2:COUP AC
61 !VOLT1:RANG -2.8E+001DBM
62 !VOLT2:RANG -5.82692988212741E-016DBM
63 !VOLT1:RANG:UNIT:VOLT DBM
64 !VOLT2:RANG:UNIT:VOLT DBM
65 !ARM:REG ABOV
66 !ARM:SOUR IMM
67 !CALC1:MATH:SEL F1
68 !CALC2:MATH:SEL F2
69 !CALC3:MATH:SEL F3
70 !CALC4:MATH:SEL F4
71 !CALC1:MATH:STAT +0
72 !CALC2:MATH:STAT +0
73 !CALC3:MATH:STAT +0
74 !CALC4:MATH:STAT +0
75 !CALC1:FEED "XFR:POW:PSD 1"
76 !CALC2:FEED "XFR:POW 2"
77 !CALC3:FEED "XTIM:VOLT 1"
78 !CALC4:FEED "XTIM:VOLT 2"
79 !CALC1:FORM MLOG
80 !CALC2:FORM MLOG
81 !CALC3:FORM REAL
82 !CALC4:FORM REAL
83 !CALC1:GDAP:APER +5E-001PCT
84 !CALC2:GDAP:APER +5E-001PCT
85 !CALC3:GDAP:APER +5E-001PCT
86 !CALC4:GDAP:APER +5E-001PCT
87 !CALC1:MARK:BAND:STAR +4.5E+006HZ
88 !CALC2:MARK:BAND:STAR +4.5E+006HZ
89 !CALC3:MARK:BAND:STAR +1.007421875E-005S
90 !CALC4:MARK:BAND:STAR +1.007421875E-005S
91 !CALC1:MARK:BAND:STOP +5.5E+006HZ
92 !CALC2:MARK:BAND:STOP +5.5E+006HZ
93 !CALC3:MARK:BAND:STOP +1.207421875E-005S
94 !CALC4:MARK:BAND:STOP +1.207421875E-005S
95 !CALC1:MARK:COUP +0
96 !CALC2:MARK:COUP +0
97 !CALC3:MARK:COUP +0
98 !CALC4:MARK:COUP +0
99 !CALC1:MARK:FCO +0
100 !CALC2:MARK:FCO +0
101 !CALC3:MARK:FCO +0
102 !CALC4:MARK:FCO +0
103 !CALC1:MARK:FUNC OFF
104 !CALC2:MARK:FUNC OFF
105 !CALC3:MARK:FUNC OFF
106 !CALC4:MARK:FUNC OFF
107 !CALC1:MARK:FUNC:STAT OFF
108 !CALC2:MARK:FUNC:STAT OFF
109 !CALC3:MARK:FUNC:STAT OFF
110 !CALC4:MARK:FUNC:STAT OFF
111 !CALC1:MARK:FUNC:STAT:PPCT +9.99899978637695E+001PCT
112 !CALC2:MARK:FUNC:STAT:PPCT +9.99899978637695E+001PCT
113 !CALC3:MARK:FUNC:STAT:PPCT +9.99899978637695E+001PCT
114 !CALC4:MARK:FUNC:STAT:PPCT +9.99899978637695E+001PCT
115 !CALC1:MARK:OFFS +0
116 !CALC2:MARK:OFFS +0
117 !CALC3:MARK:OFFS +0
118 !CALC4:MARK:OFFS +0
119 !CALC1:MARK:OFFS:X +0E+000HZ
120 !CALC2:MARK:OFFS:X +0E+000HZ
121 !CALC3:MARK:OFFS:X +0E+000S
122 !CALC4:MARK:OFFS:X +0E+000S
123 !CALC1:MARK:OFFS:Y +2.23606797749979E-001VRMS/RTHZ
124 !CALC2:MARK:OFFS:Y +0E+000DBM
125 !CALC3:MARK:OFFS:Y +0E+000V
126 !CALC4:MARK:OFFS:Y +0E+000V
127 !CALC1:MARK:OFFS:Z +0E+000S
128 !CALC2:MARK:OFFS:Z +0E+000S
129 !CALC3:MARK:OFFS:Z +0E+000S
130 !CALC4:MARK:OFFS:Z +0E+000S
131 !CALC1:MARK:POL:UNIT:POW V
132 !CALC2:MARK:POL:UNIT:POW V
133 !CALC3:MARK:POL:UNIT:POW V
134 !CALC4:MARK:POL:UNIT:POW V
135 !CALC1:MARK:READ MPH
136 !CALC2:MARK:READ MPH
137 !CALC3:MARK:READ MPH
138 !CALC4:MARK:READ MPH
139 !CALC1:MARK:SEAR:TARG +1.58301489826734E-001VRMS/RTHZ
140 !CALC2:MARK:SEAR:TARG -3E+000DBM
141 !CALC3:MARK:SEAR:TARG +0E+000V
142 !CALC4:MARK:SEAR:TARG +0E+000V
143 !CALC1:MARK +1
144 !CALC2:MARK +1
145 !CALC3:MARK +1
146 !CALC4:MARK +1
147 !CALC1:MARK:X +5.41875E+005HZ
148 !CALC2:MARK:X +5E+006HZ
149 !CALC3:MARK:X +1.09375E-005S
150 !CALC4:MARK:X +1.10546875E-005S
151 !CALC1:MARK:MAX:TRAC +0
152 !CALC2:MARK:MAX:TRAC +0
153 !CALC3:MARK:MAX:TRAC +0
154 !CALC4:MARK:MAX:TRAC +0
155 !CALC1:STAT +1
156 !CALC2:STAT +1
157 !CALC3:STAT +1
158 !CALC4:STAT +1
159 !CALC1:UNIT:POW VRMS/RTHZ
160 !CALC2:UNIT:POW DBM
161 !CALC3:UNIT:POW V
162 !CALC4:UNIT:POW V
163 !CALC1:UPH:CREF +0E+000HZ
164 !CALC2:UPH:CREF +0E+000HZ
165 !CALC3:UPH:CREF +0E+000S
166 !CALC4:UPH:CREF +0E+000S
167 !CALC1:UPH:OFFS +0E+000DEG
168 !CALC2:UPH:OFFS +0E+000DEG
169 !CALC3:UPH:OFFS +0E+000DEG
170 !CALC4:UPH:OFFS +0E+000DEG
171 !CALC1:X:UNIT:FREQ HZ
172 !CALC2:X:UNIT:FREQ HZ
173 !CALC3:X:UNIT:TIME S
174 !CALC4:X:UNIT:TIME S
175 !DISP:ANN +1
176 !DISP:ENAB +1
177 !DISP:FORM SING
178 !DISP:MFUN +0
179 !DISP:PROG OFF
180 !DISP:TCAP:ENV +1
181 !DISP:WIND1:ACT +1
182 !DISP:WIND2:ACT +0
183 !DISP:WIND3:ACT +0
184 !DISP:WIND4:ACT +0
185 !DISP:WIND1:ACT +1
186 !DISP:WIND2:ACT +0
187 !DISP:WIND3:ACT +0
188 !DISP:WIND4:ACT +0
189 !DISP:WIND1:TRAC:DCAR +0
190 !DISP:WIND2:TRAC:DCAR +0
191 !DISP:WIND3:TRAC:DCAR +0
192 !DISP:WIND4:TRAC:DCAR +0
193 !DISP:WIND1:TRAC:EYE:COUN +2
194 !DISP:WIND2:TRAC:EYE:COUN +2
195 !DISP:WIND3:TRAC:EYE:COUN +2
196 !DISP:WIND4:TRAC:EYE:COUN +2
197 !DISP:WIND1:TRAC:GRAT:GRID +1
198 !DISP:WIND2:TRAC:GRAT:GRID +1
199 !DISP:WIND3:TRAC:GRAT:GRID +1
200 !DISP:WIND4:TRAC:GRAT:GRID +1
201 !DISP:WIND1:TRAC:IND CROS
202 !DISP:WIND2:TRAC:IND CROS
203 !DISP:WIND3:TRAC:IND CROS
204 !DISP:WIND4:TRAC:IND CROS
205 !DISP:WIND1:TRAC:IND:SIZE +15
206 !DISP:WIND2:TRAC:IND:SIZE +15
207 !DISP:WIND3:TRAC:IND:SIZE +15
208 !DISP:WIND4:TRAC:IND:SIZE +15
209 !DISP:WIND1:TRAC:INFO ""
210 !DISP:WIND2:TRAC:INFO ""
211 !DISP:WIND3:TRAC:INFO ""
212 !DISP:WIND4:TRAC:INFO ""
213 !DISP:WIND1:TRAC:LAB:USER ""
214 !DISP:WIND2:TRAC:LAB:USER ""
215 !DISP:WIND3:TRAC:LAB:USER ""
216 !DISP:WIND4:TRAC:LAB:USER ""
217 !DISP:WIND1:TRAC:LAB:AUTO +1
218 !DISP:WIND2:TRAC:LAB:AUTO +1
219 !DISP:WIND3:TRAC:LAB:AUTO +1
220 !DISP:WIND4:TRAC:LAB:AUTO +1
221 !DISP:WIND1:TRAC +1
222 !DISP:WIND2:TRAC +0
223 !DISP:WIND3:TRAC +0
224 !DISP:WIND4:TRAC +0
225 !DISP:WIND1:TRAC:SYMB DOTS
226 !DISP:WIND2:TRAC:SYMB BARS
227 !DISP:WIND3:TRAC:SYMB OFF
228 !DISP:WIND4:TRAC:SYMB OFF
229 !DISP:WIND1:TRAC:SYMB:FORM BIN
230 !DISP:WIND2:TRAC:SYMB:FORM BIN
231 !DISP:WIND3:TRAC:SYMB:FORM BIN
232 !DISP:WIND4:TRAC:SYMB:FORM BIN
233 !DISP:WIND1:TRAC:X:LEFT +2.5E+006HZ
234 !DISP:WIND2:TRAC:X:LEFT +2.5E+006HZ
235 !DISP:WIND3:TRAC:X:LEFT +5.537109375E-006S
236 !DISP:WIND4:TRAC:X:LEFT +5.537109375E-006S
237 !DISP:WIND1:TRAC:X:RIGH +7.5E+006HZ
238 !DISP:WIND2:TRAC:X:RIGH +7.5E+006HZ
239 !DISP:WIND3:TRAC:X:RIGH +1.6611328125E-005S
240 !DISP:WIND4:TRAC:X:RIGH +1.6611328125E-005S
241 !DISP:WIND1:TRAC:X:RLEV +7.07107E-004VRMS/RTHZ
242 !DISP:WIND2:TRAC:X:RLEV +0E+000DBM
243 !DISP:WIND3:TRAC:X:RLEV +0E+000V
244 !DISP:WIND4:TRAC:X:RLEV +0E+000V
245 !DISP:WIND1:TRAC:X:SPAC LIN
246 !DISP:WIND2:TRAC:X:SPAC LIN
247 !DISP:WIND3:TRAC:X:SPAC LIN
248 !DISP:WIND4:TRAC:X:SPAC LIN
249 !DISP:WIND1:TRAC:Y:RLIN +0
250 !DISP:WIND2:TRAC:Y:RLIN +0
251 !DISP:WIND3:TRAC:Y:RLIN +0
252 !DISP:WIND4:TRAC:Y:RLIN +0
253 !DISP:WIND1:TRAC:X:AUTO +1
254 !DISP:WIND2:TRAC:X:AUTO +1
255 !DISP:WIND3:TRAC:X:AUTO +1
256 !DISP:WIND4:TRAC:X:AUTO +1
257 !DISP:WIND1:TRAC:Y:AUTO +0
258 !DISP:WIND2:TRAC:Y:AUTO +0
259 !DISP:WIND3:TRAC:Y:AUTO +0
260 !DISP:WIND4:TRAC:Y:AUTO +0
261 !DISP:WIND1:TRAC:Y:PDIV +1E+001DB
262 !DISP:WIND2:TRAC:Y:PDIV +1E+001DB
263 !DISP:WIND3:TRAC:Y:PDIV +5E-003V
264 !DISP:WIND4:TRAC:Y:PDIV +1E-001V
265 !DISP:WIND1:TRAC:Y:RLEV +7.07107E-004VRMS/RTHZ
266 !DISP:WIND2:TRAC:Y:RLEV +0E+000DBM
267 !DISP:WIND3:TRAC:Y:RLEV +0E+000V
268 !DISP:WIND4:TRAC:Y:RLEV +0E+000V
269 !DISP:WIND1:TRAC:Y:RLEV:AUTO +1
270 !DISP:WIND2:TRAC:Y:RLEV:AUTO +1
271 !DISP:WIND3:TRAC:Y:RLEV:AUTO +1
272 !DISP:WIND4:TRAC:Y:RLEV:AUTO +1
273 !DISP:WIND1:TRAC:Y:RPOS +1E+002PCT
274 !DISP:WIND2:TRAC:Y:RPOS +1E+002PCT
275 !DISP:WIND3:TRAC:Y:RPOS +5E+001PCT
276 !DISP:WIND4:TRAC:Y:RPOS +5E+001PCT
277 !OUTP:FILT +1
278 !OUTP:IMP +5E+001
279 !OUTP +0
280 !AVER:COUN +250
281 !AVER:IRES:RATE +10
282 !AVER:IRES +0
283 !AVER +1
284 !AVER:TCON EXP
285 !AVER:TYPE RMS
286 !CORR1:EDEL +0E+000S
287 !CORR2:EDEL +0E+000S
288 !CORR1:EXT +0
289 !CORR2:EXT +0
290 !CORR1:FILT:XTIM:STAT +0
291 !CORR2:FILT:XTIM:STAT +0
292 !CORR1:OFFS +0E+000V
293 !CORR2:OFFS +0E+000V
294 !DDEM:ADAP +1
295 !DDEM:CLOC +0E+000SYM
296 !DDEM:CNVR +1E-007
297 !DDEM:DVBQ:NST +16
298 !DDEM:EDGE:FORM NOFL
299 !DDEM:EQFL +2.1E+001SYM
300 !DDEM:EQU +0
301 !DDEM:FILT:ALPH +2E-001
302 !DDEM:FILT:MEAS RRC
303 !DDEM:FILT:MEAS:USER:FEED "D1"
304 !DDEM:FILT:REF RCOS
305 !DDEM:FILT:REF:USER:FEED "D1"
306 !DDEM:FREQ:MIRR +0
307 !DDEM:FSK:NST +2
308 !DDEM:MSK:FORM TYP1
309 !DDEM:NORM +1
310 !DDEM:PSK:NST +2
311 !DDEM:QAM:NST +16
312 !DDEM:QPSK:FORM DPI4
313 !DDEM:SEAR:PULS:STAT +0
314 !DDEM:SEAR:SYNC:PATT "111111010111110111110111"
315 !DDEM:SEAR:SYNC:STAT +1
316 !DDEM:VSB:NST +8
317 !DET SAMP
318 !FEED "INP"
319 !FREQ:CENT:TRAC OFF
320 !FREQ:MAN +5E+006HZ
321 !FREQ:SPAN:PCH EXAC
322 !FREQ:SPAN:WIDE +0
323 !FREQ:STEP:AUTO +1,
324 !FREQ:STEP +2.5E+004HZ
325 !SWE1:MODE AUTO
326 !SWE2:MODE AUTO
327 !SWE1:OVER +0E+000PCT
328 !SWE2:OVER +0E+000PCT
329 !SWE1:TIME:GATE:DEL +0E+000S
330 !SWE2:TIME:GATE:DEL +0E+000S
331 !SWE1:TIME:GATE +1.2734375E-005S
332 !SWE2:TIME:GATE +1.2734375E-005S
333 !SWE1:TIME:GATE:STAT +0
334 !SWE2:TIME:GATE:STAT +0
335 !SWE1:TIME:OVER +9.8E+001PCT
336 !SWE2:TIME:OVER +9.8E+001PCT
337 !TCAP1:DIR FORW
338 !TCAP2:DIR FORW
339 !TCAP1:LENG +5.24255E+005POINTS
340 !TCAP2:LENG +5.24255E+005POINTS
341 !TCAP1:STAR +0E+000S
342 !TCAP2:STAR +0E+000S
343 !TCAP1:STOP +0E+000S
344 !TCAP2:STOP +0E+000S
345 !SOUR:RF +1
346 !SOUR:AM:STAT +0
347 !SOUR:FREQ +1E+006HZ
348 !SOUR:FREQ:OFFS +0E+000HZ
349 !SOUR:FUNC SIN
350 !SOUR:FUNC:USER:FEED "D1"
351 !SOUR:IFIN:STAT +0
352 !SOUR:USER:REP +1
353 !SOUR:VOLT -1E+001DBM
354 !SOUR:VOLT:OFFS +0E+000V
355 !SOUR:VOLT:UNIT:VOLT DBM
356 !TRIG:HOLD:DEL +0E+000S
357 !TRIG:HOLD:STAT +0
358 !TRIG:SOUR IMM
359 !TRIG:LEV +0E+000V
360 !TRIG:SLOP POS
361 !INIT:CONT +1
362 !CAL:ZERO:AUTO +1
363 !VOLT1:RANG:AUTO:DIR EITH
364 !VOLT2:RANG:AUTO:DIR EITH
365 !VOLT1:RANG:AUTO +1
366 !VOLT2:RANG:AUTO +0
367 !CAL:AUTO +0
368 !SYST:GPIB:ECHO +0
369 !CONT 
